<?xml version="1.0" encoding="UTF-8"?>
<!-- Generated by org.testng.reporters.JUnitXMLReporter -->
<testsuite ignored="0" hostname="stela" failures="0" tests="36" name="Surefire test" time="16.666" errors="0" timestamp="2021-09-30T09:33:14 EEST">
  <testcase classname="bg.codeacademy.spring.gossiptalks.service.GossipServiceImpTest" name="createGossip_Success" time="0.049"/>
  <testcase classname="bg.codeacademy.spring.gossiptalks.service.GossipServiceImpTest" name="getAllSubscriberGossips_Success" time="0.063"/>
  <testcase classname="bg.codeacademy.spring.gossiptalks.service.GossipServiceImpTest" name="getByUser_Success" time="0.015"/>
  <testcase classname="bg.codeacademy.spring.gossiptalks.service.UserServiceImpTest" name="changePassword_Failure_NewPasswordsDoNotMatch" time="0.014"/>
  <testcase classname="bg.codeacademy.spring.gossiptalks.service.UserServiceImpTest" name="changePassword_Failure_PasswordsAreNull" time="0.006"/>
  <testcase classname="bg.codeacademy.spring.gossiptalks.service.UserServiceImpTest" name="listUsers_ReturnAll_IfNameNotNull" time="0.003"/>
  <testcase classname="bg.codeacademy.spring.gossiptalks.service.UserServiceImpTest" name="listUsers_ReturnAll_IfNoParams" time="0.002"/>
  <testcase classname="bg.codeacademy.spring.gossiptalks.service.UserServiceImpTest" name="listUsers_ReturnFollowing_IfFisTrue" time="0.003"/>
  <testcase classname="bg.codeacademy.spring.gossiptalks.service.UserServiceImpTest" name="listUsers_ReturnFollowing_IfFisTrueAndNameNotNull" time="0.003"/>
  <testcase classname="bg.codeacademy.spring.gossiptalks.service.UserServiceImpTest" name="registerAccount_Failure_EmailExists" time="0.003"/>
  <testcase classname="bg.codeacademy.spring.gossiptalks.service.UserServiceImpTest" name="registerAccount_Failure_PasswordsDoNotMatch" time="0.002"/>
  <testcase classname="bg.codeacademy.spring.gossiptalks.service.UserServiceImpTest" name="registerAccount_Success" time="0.128"/>
  <testcase classname="bg.codeacademy.spring.gossiptalks.controller.UserControllerTest" name="followUser_returnError_ifFTrueAndUserIsCurrent" time="0.215"/>
  <testcase classname="bg.codeacademy.spring.gossiptalks.controller.UserControllerTest" name="followUser_returnFollowingFalse_ifFFalse" time="0.097"/>
  <testcase classname="bg.codeacademy.spring.gossiptalks.controller.UserControllerTest" name="followUser_returnSame_ifFTrueAndIsAlreadySubscribed" time="0.059"/>
  <testcase classname="bg.codeacademy.spring.gossiptalks.controller.UserControllerTest" name="followUser_returnSuccess_ifFTrue" time="0.025"/>
  <testcase classname="bg.codeacademy.spring.gossiptalks.controller.UserControllerTest" name="getCurrentUser_returnError_ifIsUnauthorized" time="0.014"/>
  <testcase classname="bg.codeacademy.spring.gossiptalks.controller.UserControllerTest" name="getCurrentUser_returnUser_ifIsAuthenticated" time="0.01"/>
  <testcase classname="bg.codeacademy.spring.gossiptalks.controller.UserControllerTest" name="listUserFollowing_returnOk_ifUserIsLoggedIn" time="0.076"/>
  <testcase classname="bg.codeacademy.spring.gossiptalks.controller.UserControllerTest" name="listUserNameSearchFollowing_returnOk_ifUserIsLoggedIn" time="0.015"/>
  <testcase classname="bg.codeacademy.spring.gossiptalks.controller.UserControllerTest" name="listUserNameSearch_returnOk_ifUserIsLoggedIn" time="0.033"/>
  <testcase classname="bg.codeacademy.spring.gossiptalks.controller.UserControllerTest" name="listUsers_returnOk_ifUserIsLoggedIn" time="0.027"/>
  <testcase classname="bg.codeacademy.spring.gossiptalks.controller.UserControllerTest" name="listUsers_returnUnauthorized_ifNoLoggedUser" time="0.01"/>
  <testcase classname="bg.codeacademy.spring.gossiptalks.controller.UserControllerTest" name="registerUser_returnBadRequest_ifAreNotValidUserFields" time="0.085"/>
  <testcase classname="bg.codeacademy.spring.gossiptalks.controller.UserControllerTest" name="registerUser_returnCreated_ifIsAnonymous" time="0.139"/>
  <testcase classname="bg.codeacademy.spring.gossiptalks.controller.UserControllerTest" name="registerUser_returnFailed_ifIsAlreadyRegistered" time="0.008"/>
  <testcase classname="bg.codeacademy.spring.gossiptalks.controller.UserControllerTest" name="registerUser_returnPasswordDoesntMatch_ifPasswordDoesntMatch" time="0.013"/>
  <testcase classname="bg.codeacademy.spring.gossiptalks.controller.GossipControllerTest" name="createGossip_returnCreatedWithHtmlEscaped_IfGossipIsValid" time="0.014"/>
  <testcase classname="bg.codeacademy.spring.gossiptalks.controller.GossipControllerTest" name="createGossip_returnError_IfGossipIsBlank" time="0.006"/>
  <testcase classname="bg.codeacademy.spring.gossiptalks.controller.GossipControllerTest" name="getUserGossips_returnErrorNotFound_IfInvalidUsername" time="0.034"/>
  <testcase classname="bg.codeacademy.spring.gossiptalks.controller.GossipControllerTest" name="getUserGossips_returnGossips_IfValidUsername" time="0.102"/>
  <testcase classname="bg.codeacademy.spring.gossiptalks.controller.GossipControllerTest" name="readAllGossips_returnContent_IfValid" time="0.021"/>
  <testcase classname="bg.codeacademy.spring.gossiptalks.controller.GossipControllerTest" name="readAllGossips_returnEmpty_IfFollowNoOne" time="0.01"/>
  <testcase classname="bg.codeacademy.spring.gossiptalks.validation.StrongPasswordValidatorTest" name="given_null_When_validate_Then_false" time="0.007"/>
  <testcase classname="bg.codeacademy.spring.gossiptalks.validation.StrongPasswordValidatorTest" name="given_short_password_When_validating_Then_false" time="0.001"/>
  <testcase classname="bg.codeacademy.spring.gossiptalks.validation.StrongPasswordValidatorTest" name="given_valid_password_When_validating_Then_true" time="0.001"/>
</testsuite> <!-- Surefire test -->
